<?xml version="1.0" encoding="UTF-8"?>
<!-- Generated by org.testng.reporters.JUnitReportReporter -->
<testsuite hostname="Aniket" failures="0" tests="3" name="tests.AuthTestWithInvalidCredentialsTest" time="0.668" errors="0" timestamp="2025-08-12T08:56:12 IST" skipped="0">
  <testcase classname="tests.AuthTestWithInvalidCredentialsTest" name="loginWithBlankCredentials" time="0.274"/>
  <testcase classname="tests.AuthTestWithInvalidCredentialsTest" name="missingUsernameReturns400" time="0.211"/>
  <testcase classname="tests.AuthTestWithInvalidCredentialsTest" name="invalidPasswordReturns401" time="0.183"/>
</testsuite> <!-- tests.AuthTestWithInvalidCredentialsTest -->
