<?xml version="1.0" encoding="UTF-8"?>
<!-- Generated by org.testng.reporters.JUnitReportReporter -->
<testsuite hostname="Aniket" failures="0" tests="1" name="tests.InvalidDeleteByIdTest" time="0.181" errors="0" timestamp="2025-08-12T08:56:12 IST" skipped="0">
  <testcase classname="tests.InvalidDeleteByIdTest" name="deleteInvalidBooking" time="0.181"/>
</testsuite> <!-- tests.InvalidDeleteByIdTest -->
